Starting Dynare (version 6.5).
Calling Dynare with arguments: noclearall
Starting preprocessing of the model file ... 
Found 11 equation(s). 
Evaluating expressions... 
Computing static model derivatives (order 1). 
Normalizing the static model... 
Finding the optimal block decomposition of the static model... 
9 block(s) found: 
  8 recursive block(s) and 1 simultaneous block(s). 
  the largest simultaneous block has 3 equation(s) 
                                 and 3 feedback variable(s). 
Computing dynamic model derivatives (order 1). 
Normalizing the dynamic model... 
WARNING: All equations are written so that a single contemporaneous endogenous variable appears on the left-hand side. This suggests a natural normalization of the model. However, variable i_au could not be matched with an equation. Check whether this is desired. 
Finding the optimal block decomposition of the dynamic model... 
1 block(s) found: 
  1 recursive block(s) and 0 simultaneous block(s). 
  the largest simultaneous block has 0 equation(s) 
                                 and 0 feedback variable(s). 
Preprocessing completed. 
Preprocessing time: 0h00m01s.

STEADY-STATE RESULTS:

yhat_au   		 0
i_au      		 1.0491
pi_au     		 0.625
yhat_us   		 0
pi_us     		 0.5
ibar      		 1.0491
pibar_au  		 0.625
pibar_us  		 0.5
i_gap     		 0
pi_au_gap 		 0
pi_us_gap 		 0

EIGENVALUES:
         Modulus             Real        Imaginary
          0.2186           0.2186                0
          0.5057           0.5057                0
          0.6529           0.6529                0
          0.8057           0.8057                0
          0.8146           0.8146                0
            0.93             0.93                0
            0.93             0.93                0
           0.985            0.985                0

There are 0 eigenvalue(s) larger than 1 in modulus for 0 forward-looking variable(s)
The rank condition is verified.


MODEL SUMMARY

  Number of variables:         11
  Number of stochastic shocks: 8
  Number of state variables:   8
  Number of jumpers:           0
  Number of static variables:  3


MATRIX OF COVARIANCE OF EXOGENOUS SHOCKS
Variables              eps_q         eps_i        eps_pi      eps_q_us     eps_pi_us      eps_ibar  eps_pibar_au  eps_pibar_us
eps_q               0.604195      0.000000      0.000000      0.000000      0.000000      0.000000      0.000000      0.000000
eps_i               0.000000      0.009565      0.000000      0.000000      0.000000      0.000000      0.000000      0.000000
eps_pi              0.000000      0.000000      0.337096      0.000000      0.000000      0.000000      0.000000      0.000000
eps_q_us            0.000000      0.000000      0.000000      1.183526      0.000000      0.000000      0.000000      0.000000
eps_pi_us           0.000000      0.000000      0.000000      0.000000      0.069960      0.000000      0.000000      0.000000
eps_ibar            0.000000      0.000000      0.000000      0.000000      0.000000      0.000100      0.000000      0.000000
eps_pibar_au        0.000000      0.000000      0.000000      0.000000      0.000000      0.000000      0.000100      0.000000
eps_pibar_us        0.000000      0.000000      0.000000      0.000000      0.000000      0.000000      0.000000      0.000100

POLICY AND TRANSITION FUNCTIONS
                             yhat_au            i_au           pi_au         yhat_us           pi_us            ibar        pibar_au        pibar_us           i_gap       pi_au_gap       pi_us_gap
Constant                           0        1.049100        0.625000               0        0.500000        1.049100        0.625000        0.500000               0               0               0
yhat_au(-1)                 0.447900        0.023207        0.058200               0               0               0               0               0        0.023207        0.058200               0
yhat_us(-1)                 0.160254               0               0        0.805700        0.013100               0               0               0               0               0        0.013100
ibar(-1)                           0        0.985000               0               0               0        0.985000               0               0               0               0               0
pibar_au(-1)                       0               0        0.930000               0               0               0        0.930000               0               0               0               0
pibar_us(-1)                       0               0               0               0        0.930000               0               0        0.930000               0               0               0
i_gap(-1)                  -0.166300        0.828100               0               0               0               0               0               0        0.828100               0               0
pi_au_gap(-1)               0.166300        0.047909        0.262900               0               0               0               0               0        0.047909        0.262900               0
pi_us_gap(-1)                      0               0               0               0        0.652900               0               0               0               0               0        0.652900
eps_q                       1.000000               0               0               0               0               0               0               0               0               0               0
eps_i                              0        1.000000               0               0               0               0               0               0        1.000000               0               0
eps_pi                             0               0        1.000000               0               0               0               0               0               0        1.000000               0
eps_q_us                    0.198900               0               0        1.000000               0               0               0               0               0               0               0
eps_pi_us                          0               0               0               0        1.000000               0               0               0               0               0        1.000000
eps_ibar                           0        1.000000               0               0               0        1.000000               0               0               0               0               0
eps_pibar_au                       0               0        1.000000               0               0               0        1.000000               0               0               0               0
eps_pibar_us                       0               0               0               0        1.000000               0               0        1.000000               0               0               0


THEORETICAL MOMENTS
VARIABLE          MEAN  STD. DEV.   VARIANCE
yhat_au         0.0000     1.0626     1.1292
i_au            1.0491     0.2156     0.0465
pi_au           0.6250     0.6076     0.3691
yhat_us         0.0000     1.8367     3.3733
pi_us           0.5000     0.3549     0.1259
ibar            1.0491     0.0580     0.0034
pibar_au        0.6250     0.0272     0.0007
pibar_us        0.5000     0.0272     0.0007
i_gap           0.0000     0.2077     0.0431
pi_au_gap       0.0000     0.6069     0.3684
pi_us_gap       0.0000     0.3538     0.1252



VARIANCE DECOMPOSITION (in percent)
                    eps_q         eps_i        eps_pi      eps_q_us     eps_pi_us      eps_ibar  eps_pibar_au  eps_pibar_us
yhat_au             67.10          0.20          1.29         31.41          0.00          0.00          0.00          0.00
i_au                 7.95         63.55         11.03         10.25          0.00          7.22          0.00          0.00
pi_au                0.95          0.00         98.28          0.57          0.00          0.00          0.20         -0.00
yhat_us              0.00          0.00          0.00        100.00          0.00          0.00          0.00          0.00
pi_us                0.00          0.00          0.00          2.58         96.83          0.00         -0.00          0.59
ibar                 0.00          0.00          0.00          0.00          0.00        100.00          0.00          0.00
pibar_au             0.00          0.00          0.00          0.00          0.00          0.00        100.00         -0.00
pibar_us             0.00          0.00          0.00          0.00          0.00          0.00         -0.00        100.00
i_gap                8.57         68.50         11.89         11.05          0.00          0.00          0.00          0.00
pi_au_gap            0.95          0.00         98.48          0.57          0.00          0.00          0.00          0.00
pi_us_gap            0.00          0.00          0.00          2.60         97.40          0.00          0.00          0.00



MATRIX OF CORRELATIONS
Variables      yhat_au       i_au      pi_au    yhat_us      pi_us       ibar   pibar_au   pibar_us      i_gap  pi_au_gap  pi_us_gap
yhat_au         1.0000     0.1722     0.1013     0.5375     0.0787     0.0000     0.0000     0.0000     0.1788     0.1014     0.0789
i_au            0.1722     1.0000     0.0844     0.1671     0.0457     0.2687     0.0000     0.0000     0.9632     0.0845     0.0458
pi_au           0.1013     0.0844     1.0000     0.0559     0.0120     0.0000     0.0448     0.0000     0.0876     0.9990     0.0120
yhat_us         0.5375     0.1671     0.0559     1.0000     0.1153     0.0000     0.0000     0.0000     0.1735     0.0560     0.1156
pi_us           0.0787     0.0457     0.0120     0.1153     1.0000     0.0000     0.0000     0.0767     0.0474     0.0120     0.9971
ibar            0.0000     0.2687     0.0000     0.0000     0.0000     1.0000     0.0000     0.0000     0.0000     0.0000     0.0000
pibar_au        0.0000     0.0000     0.0448     0.0000     0.0000     0.0000     1.0000     0.0000     0.0000     0.0000     0.0000
pibar_us        0.0000     0.0000     0.0000     0.0000     0.0767     0.0000     0.0000     1.0000     0.0000     0.0000     0.0000
i_gap           0.1788     0.9632     0.0876     0.1735     0.0474     0.0000     0.0000     0.0000     1.0000     0.0877     0.0476
pi_au_gap       0.1014     0.0845     0.9990     0.0560     0.0120     0.0000     0.0000     0.0000     0.0877     1.0000     0.0120
pi_us_gap       0.0789     0.0458     0.0120     0.1156     0.9971     0.0000     0.0000     0.0000     0.0476     0.0120     1.0000



COEFFICIENTS OF AUTOCORRELATION
Order             1       2       3       4       5
yhat_au      0.6006  0.3920  0.2708  0.1947  0.1441
i_au         0.8705  0.7489  0.6406  0.5469  0.4670
pi_au        0.2746  0.0890  0.0347  0.0158  0.0081
yhat_us      0.8057  0.6492  0.5230  0.4214  0.3395
pi_us        0.6623  0.4403  0.2939  0.1973  0.1333
ibar         0.9850  0.9702  0.9557  0.9413  0.9272
pibar_au     0.9300  0.8649  0.8044  0.7481  0.6957
pibar_us     0.9300  0.8649  0.8044  0.7481  0.6957
i_gap        0.8616  0.7316  0.6161  0.5162  0.4312
pi_au_gap    0.2732  0.0874  0.0331  0.0143  0.0067
pi_us_gap    0.6608  0.4377  0.2909  0.1940  0.1300
Total computing time : 0h00m03s
