Starting Dynare (version 6.5).
Calling Dynare with arguments: noclearall nograph
Starting preprocessing of the model file ... 
Found 5 equation(s). 
Evaluating expressions... 
Computing static model derivatives (order 1). 
Normalizing the static model... 
Finding the optimal block decomposition of the static model... 
3 block(s) found: 
  2 recursive block(s) and 1 simultaneous block(s). 
  the largest simultaneous block has 3 equation(s) 
                                 and 3 feedback variable(s). 
Computing dynamic model derivatives (order 2). 
Normalizing the dynamic model... 
Finding the optimal block decomposition of the dynamic model... 
1 block(s) found: 
  1 recursive block(s) and 0 simultaneous block(s). 
  the largest simultaneous block has 0 equation(s) 
                                 and 0 feedback variable(s). 
Preprocessing completed. 
Preprocessing time: 0h00m00s.

STEADY-STATE RESULTS:

yhat_au   		 0
i_gap     		 0
pi_au_gap 		 0
yhat_us   		 0
pi_us_gap 		 0

EIGENVALUES:
         Modulus             Real        Imaginary
          0.4821           0.4821                0
             0.5              0.5                0
          0.8901           0.8889          0.04547
          0.8901           0.8889         -0.04547
            0.95             0.95                0

There are 0 eigenvalue(s) larger than 1 in modulus for 0 forward-looking variable(s)
The rank condition is verified.


You did not declare endogenous variables after the estimation/calib_smoother command.
Initial value of the log posterior (or likelihood): -362.3831
-----------------
f at the beginning of new iteration,       362.3831383826
Predicted improvement:       80.317879737
lambda =          1; f =          362.3848364
lambda =    0.33333; f =          311.7473282
lambda =    0.64439; f =          362.3831405
lambda =     0.4339; f =          312.5962477
lambda =    0.55011; f =          411.1813271
lambda =     0.4771; f =          326.0744868
Norm of dx    0.12674
----
Improvement on iteration 1 =       50.635810210
warning: possible inaccuracy in H matrix
-----------------
f at the beginning of new iteration,       311.7473281726
Predicted improvement:      105.973286427
lambda =          1; f =          311.7561248
lambda =    0.33333; f =          311.7474100
lambda =    0.11111; f =          298.8056831
Norm of dx    0.23193
----
Improvement on iteration 2 =       12.941645115
-----------------
f at the beginning of new iteration,       298.8056830576
Predicted improvement:       67.044599048
lambda =          1; f =          300.2536461
lambda =    0.33333; f =          261.7122987
lambda =    0.64439; f =          248.5396654
Norm of dx    0.15499
----
Improvement on iteration 3 =       50.266017689
-----------------
f at the beginning of new iteration,       248.5396653684
Predicted improvement:       59.274135424
lambda =          1; f =          236.1040839
lambda =    0.33333; f =          229.2599907
Norm of dx    0.10588
----
Improvement on iteration 4 =       19.279674640
-----------------
f at the beginning of new iteration,       229.2599907287
Predicted improvement:        4.306968550
lambda =          1; f =          222.4041860
lambda =     1.9332; f =          218.8292491
Norm of dx   0.045197
----
Improvement on iteration 5 =       10.430741594
-----------------
f at the beginning of new iteration,       218.8292491350
Predicted improvement:        5.039479503
lambda =          1; f =          211.8795617
Norm of dx   0.072034
----
Improvement on iteration 6 =        6.949687476
-----------------
f at the beginning of new iteration,       211.8795616589
Predicted improvement:        2.191923892
lambda =          1; f =          208.8504319
Norm of dx   0.062313
----
Improvement on iteration 7 =        3.029129773
-----------------
f at the beginning of new iteration,       208.8504318861
Predicted improvement:        1.018457941
lambda =          1; f =          207.4529859
Norm of dx   0.043249
----
Improvement on iteration 8 =        1.397446012
-----------------
f at the beginning of new iteration,       207.4529858738
Predicted improvement:        0.481121304
lambda =          1; f =          206.8234474
Norm of dx   0.025685
----
Improvement on iteration 9 =        0.629538431
-----------------
f at the beginning of new iteration,       206.8234474427
Predicted improvement:        0.215962586
lambda =          1; f =          206.4842889
lambda =     1.9332; f =          206.3315680
Norm of dx   0.013018
----
Improvement on iteration 10 =        0.491879451
-----------------
f at the beginning of new iteration,       206.3315679921
Predicted improvement:        0.236887739
lambda =          1; f =          205.9329109
lambda =     1.9332; f =          205.6915901
Norm of dx   0.013022
----
Improvement on iteration 11 =        0.639977923
-----------------
f at the beginning of new iteration,       205.6915900689
Predicted improvement:        0.294373989
lambda =          1; f =          205.2595193
lambda =     1.9332; f =          205.1328288
Norm of dx   0.023275
----
Improvement on iteration 12 =        0.558761286
-----------------
f at the beginning of new iteration,       205.1328287828
Predicted improvement:        0.167376580
lambda =          1; f =          204.8237730
lambda =     1.9332; f =          204.5821433
lambda =     3.7372; f =          204.2462615
lambda =     7.2247; f =          204.1240718
Norm of dx  0.0085953
----
Improvement on iteration 13 =        1.008756974
-----------------
f at the beginning of new iteration,       204.1240718091
Predicted improvement:        0.180500985
lambda =          1; f =          203.8641263
lambda =     1.9332; f =          203.8014274
Norm of dx  0.0088393
----
Improvement on iteration 14 =        0.322644432
-----------------
f at the beginning of new iteration,       203.8014273770
Predicted improvement:        0.099165255
lambda =          1; f =          203.6508215
lambda =     1.9332; f =          203.6012879
Norm of dx   0.010442
----
Improvement on iteration 15 =        0.200139456
-----------------
f at the beginning of new iteration,       203.6012879207
Predicted improvement:        0.032895461
lambda =          1; f =          203.5408227
lambda =     1.9332; f =          203.4940389
lambda =     3.7372; f =          203.4300784
Norm of dx  0.0060564
----
Improvement on iteration 16 =        0.171209545
-----------------
f at the beginning of new iteration,       203.4300783753
Predicted improvement:        0.088069722
lambda =          1; f =          203.3263592
Norm of dx   0.015433
----
Improvement on iteration 17 =        0.103719165
-----------------
f at the beginning of new iteration,       203.3263592106
Predicted improvement:        0.012973950
lambda =          1; f =          203.3061816
lambda =     1.9332; f =          203.2976243
Norm of dx  0.0042696
----
Improvement on iteration 18 =        0.028734867
-----------------
f at the beginning of new iteration,       203.2976243432
Predicted improvement:        0.011429310
lambda =          1; f =          203.2782425
lambda =     1.9332; f =          203.2663278
lambda =     3.7372; f =          203.2597145
Norm of dx  0.0029034
----
Improvement on iteration 19 =        0.037909856
-----------------
f at the beginning of new iteration,       203.2597144874
Predicted improvement:        0.005954133
lambda =          1; f =          203.2516381
Norm of dx    0.00277
----
Improvement on iteration 20 =        0.008076353
-----------------
f at the beginning of new iteration,       203.2516381344
Predicted improvement:        0.002291959
lambda =          1; f =          203.2484392
Norm of dx  0.0013846
----
Improvement on iteration 21 =        0.003198929
-----------------
f at the beginning of new iteration,       203.2484392055
Predicted improvement:        0.001767614
lambda =          1; f =          203.2456395
lambda =     1.9332; f =          203.2443606
Norm of dx  0.0013174
----
Improvement on iteration 22 =        0.004078556
-----------------
f at the beginning of new iteration,       203.2443606495
Predicted improvement:        0.002071377
lambda =          1; f =          203.2406758
lambda =     1.9332; f =          203.2380633
lambda =     3.7372; f =          203.2352820
Norm of dx  0.0017674
----
Improvement on iteration 23 =        0.009078630
-----------------
f at the beginning of new iteration,       203.2352820193
Predicted improvement:        0.003564255
lambda =          1; f =          203.2296128
lambda =     1.9332; f =          203.2269396
Norm of dx  0.0025818
----
Improvement on iteration 24 =        0.008342383
-----------------
f at the beginning of new iteration,       203.2269396360
Predicted improvement:        0.002608573
lambda =          1; f =          203.2228079
lambda =     1.9332; f =          203.2209072
Norm of dx  0.0023162
----
Improvement on iteration 25 =        0.006032463
-----------------
f at the beginning of new iteration,       203.2209071734
Predicted improvement:        0.001912088
lambda =          1; f =          203.2180430
lambda =     1.9332; f =          203.2171050
Norm of dx  0.0019545
----
Improvement on iteration 26 =        0.003802155
-----------------
f at the beginning of new iteration,       203.2171050181
Predicted improvement:        0.000471219
lambda =          1; f =          203.2164614
Norm of dx  0.0010035
----
Improvement on iteration 27 =        0.000643632
-----------------
f at the beginning of new iteration,       203.2164613858
Predicted improvement:        0.000150244
lambda =          1; f =          203.2162703
Norm of dx  0.0006869
----
Improvement on iteration 28 =        0.000191115
-----------------
f at the beginning of new iteration,       203.2162702710
Predicted improvement:        0.000065853
lambda =          1; f =          203.2161558
lambda =     1.9332; f =          203.2160796
lambda =     3.7372; f =          203.2160164
Norm of dx 0.00031277
----
Improvement on iteration 29 =        0.000253841
-----------------
f at the beginning of new iteration,       203.2160164301
Predicted improvement:        0.000169762
lambda =          1; f =          203.2156936
lambda =     1.9332; f =          203.2154217
lambda =     3.7372; f =          203.2149767
lambda =     7.2247; f =          203.2144195
Norm of dx 0.00044658
----
Improvement on iteration 30 =        0.001596948
-----------------
f at the beginning of new iteration,       203.2144194818
Predicted improvement:        0.000217576
lambda =          1; f =          203.2141875
Norm of dx  0.0013924
----
Improvement on iteration 31 =        0.000231940
-----------------
f at the beginning of new iteration,       203.2141875415
Predicted improvement:        0.000014588
lambda =          1; f =          203.2141603
lambda =     1.9332; f =          203.2141387
lambda =     3.7372; f =          203.2141071
lambda =     7.2247; f =          203.2140847
Norm of dx 0.00012425
----
Improvement on iteration 32 =        0.000102839
-----------------
f at the beginning of new iteration,       203.2140847022
Predicted improvement:        0.000056207
lambda =          1; f =          203.2139901
lambda =     1.9332; f =          203.2139339
Norm of dx 0.00025479
----
Improvement on iteration 33 =        0.000150845
-----------------
f at the beginning of new iteration,       203.2139338572
Predicted improvement:        0.000031386
lambda =          1; f =          203.2139018
Norm of dx 0.00034978
----
Improvement on iteration 34 =        0.000032062
-----------------
f at the beginning of new iteration,       203.2139017947
Predicted improvement:        0.000000588
lambda =          1; f =          203.2139008
lambda =     1.9332; f =          203.2139000
lambda =     3.7372; f =          203.2138989
Norm of dx 2.3522e-05
----
Improvement on iteration 35 =        0.000002919
-----------------
f at the beginning of new iteration,       203.2138988760
Predicted improvement:        0.000002984
lambda =          1; f =          203.2138939
lambda =     1.9332; f =          203.2138910
Norm of dx 8.9896e-05
----
Improvement on iteration 36 =        0.000007830
-----------------
f at the beginning of new iteration,       203.2138910464
Predicted improvement:        0.000004945
lambda =          1; f =          203.2138841
lambda =     1.9332; f =          203.2138829
Norm of dx 0.00015457
----
Improvement on iteration 37 =        0.000008128
-----------------
f at the beginning of new iteration,       203.2138829185
Predicted improvement:        0.000001074
lambda =          1; f =          203.2138815
Norm of dx 8.0712e-05
----
Improvement on iteration 38 =        0.000001406
-----------------
f at the beginning of new iteration,       203.2138815125
Predicted improvement:        0.000000078
lambda =          1; f =          203.2138814
lambda =     1.9332; f =          203.2138814
Norm of dx 2.0392e-05
----
Improvement on iteration 39 =        0.000000123
-----------------
f at the beginning of new iteration,       203.2138813896
Predicted improvement:        0.000000000
lambda =          1; f =          203.2138814
lambda =     1.9332; f =          203.2138814
lambda =     3.7372; f =          203.2138814
lambda =     7.2247; f =          203.2138814
lambda =     13.967; f =          203.2138814
Norm of dx 6.9694e-07
----
Improvement on iteration 40 =        0.000000005
improvement < crit termination

Final value of minus the log posterior (or likelihood):203.213881 

RESULTS FROM POSTERIOR ESTIMATION
parameters
          prior mean     mode    s.d.  prior pstdev

lambda_q      0.8800   0.6959  0.0591   beta 0.0500 
sigma_q       0.0800   0.0648  0.0257   gamm 0.0300 
lambda_i      0.8800   0.9576  0.0124   beta 0.0500 
alpha_i       0.4000   0.3001  0.0952   gamm 0.1500 
beta_i        0.1500   0.0837  0.0416   gamm 0.0800 
lambda_pi     0.5000   0.2902  0.0748   beta 0.1500 
kappa_pi      0.0800   0.0374  0.0200   gamm 0.0400 

standard deviation of shocks
          prior mean     mode    s.d.  prior pstdev

eps_q         0.5000   0.8182  0.0547   invg    Inf 
eps_i         0.0800   0.0274  0.0018   invg    Inf 
eps_pi        0.7000   0.5836  0.0377   invg    Inf 
eps_q_us      1.0000   1.1378  0.0731   invg    Inf 
eps_pi_us     0.3000   0.3192  0.0205   invg    Inf 


Log data density [Laplace approximation] is -234.459048.

Estimation::mcmc: Multiple chains mode.
Estimation::mcmc: Searching for initial values...
Estimation::mcmc: Initial values found!

Estimation::mcmc: Write details about the MCMC... Ok!
Estimation::mcmc: Details about the MCMC are available in au_esat_est/metropolis\au_esat_est_mh_history_0.mat


Estimation::mcmc: Number of mh files: 1 per block.
Estimation::mcmc: Total number of generated files: 2.
Estimation::mcmc: Total number of iterations: 25000.
Estimation::mcmc: Current acceptance ratio per chain:
                                                       Chain  1: 48.028%
                                                       Chain  2: 49.064%
Estimation::mcmc: Total number of MH draws per chain: 25000.
Estimation::mcmc: Total number of generated MH files: 1.
Estimation::mcmc: I'll use mh-files 1 to 1.
Estimation::mcmc: In MH-file number 1 I'll start at line 12501.
Estimation::mcmc: Finally I keep 12500 draws per chain.



MCMC Inefficiency factors per block
Parameter          Block 1     Block 2
SE_eps_q            67.113      60.574
SE_eps_i            63.455      65.017
SE_eps_pi           87.734      57.774
SE_eps_q_us         54.568      56.123
SE_eps_pi_us        78.352      45.676
lambda_q            38.713      43.631
sigma_q            112.618      76.664
lambda_i            45.646      37.250
alpha_i             90.403      36.404
beta_i              83.634     109.333
lambda_pi           42.692      38.872
kappa_pi           112.556      36.146



Convergence diagnostics results for chain 1.

Geweke (1992) Convergence Tests, based on means of draws 12500 to 15000 vs 18750 to 25000 for chain 1.
p-values are for Chi2-test for equality of means.
Parameter            Post. Mean        Post. Std   p-val No Taper   p-val 4% Taper   p-val 8% Taper  p-val 15% Taper
SE_eps_q                  0.827            0.054            0.000            0.136            0.158            0.192
SE_eps_i                  0.028            0.002            0.151            0.831            0.834            0.827
SE_eps_pi                 0.593            0.038            0.000            0.147            0.193            0.245
SE_eps_q_us               1.148            0.072            0.000            0.046            0.035            0.020
SE_eps_pi_us              0.322            0.021            0.000            0.009            0.012            0.016
lambda_q                  0.699            0.058            0.000            0.366            0.351            0.321
sigma_q                   0.075            0.028            0.000            0.197            0.266            0.310
lambda_i                  0.960            0.012            0.891            0.983            0.982            0.982
alpha_i                   0.336            0.112            0.009            0.749            0.765            0.770
beta_i                    0.103            0.046            0.164            0.827            0.814            0.818
lambda_pi                 0.296            0.072            0.000            0.465            0.484            0.465
kappa_pi                  0.048            0.022            0.000            0.038            0.063            0.072




Convergence diagnostics results for chain 2.

Geweke (1992) Convergence Tests, based on means of draws 12500 to 15000 vs 18750 to 25000 for chain 2.
p-values are for Chi2-test for equality of means.
Parameter            Post. Mean        Post. Std   p-val No Taper   p-val 4% Taper   p-val 8% Taper  p-val 15% Taper
SE_eps_q                  0.832            0.057            0.000            0.453            0.461            0.396
SE_eps_i                  0.028            0.002            0.000            0.049            0.036            0.040
SE_eps_pi                 0.596            0.040            0.044            0.780            0.799            0.760
SE_eps_q_us               1.150            0.076            0.183            0.841            0.848            0.837
SE_eps_pi_us              0.321            0.021            0.000            0.418            0.436            0.460
lambda_q                  0.702            0.061            0.000            0.055            0.037            0.014
sigma_q                   0.077            0.028            0.000            0.110            0.098            0.077
lambda_i                  0.960            0.011            0.000            0.367            0.384            0.394
alpha_i                   0.330            0.104            0.001            0.587            0.595            0.580
beta_i                    0.103            0.048            0.000            0.572            0.619            0.637
lambda_pi                 0.298            0.078            0.406            0.897            0.890            0.882
kappa_pi                  0.046            0.022            0.000            0.138            0.101            0.093


Univariate convergence diagnostic, Brooks and Gelman (1998):
    Parameter 1...  Done! 
    Parameter 2...  Done! 
    Parameter 3...  Done! 
    Parameter 4...  Done! 
    Parameter 5...  Done! 
    Parameter 6...  Done! 
    Parameter 7...  Done! 
    Parameter 8...  Done! 
    Parameter 9...  Done! 
    Parameter 10...  Done! 
    Parameter 11...  Done! 
    Parameter 12...  Done! 

marginal density: I'm computing the posterior mean and covariance...  Done!
marginal density: I'm computing the posterior log marginal density (modified harmonic mean)... Done!


ESTIMATION RESULTS

Log data density (Modified Harmonic Mean) is -234.382058.
parameters
            prior mean   post. mean        90% HPD interval    prior       pstdev

lambda_q         0.880       0.7002      0.6033      0.7989     beta       0.0500
sigma_q          0.080       0.0772      0.0307      0.1201     gamm       0.0300
lambda_i         0.880       0.9601      0.9421      0.9803     beta       0.0500
alpha_i          0.400       0.3301      0.1595      0.4986     gamm       0.1500
beta_i           0.150       0.1046      0.0278      0.1777     gamm       0.0800
lambda_pi        0.500       0.2953      0.1661      0.4153     beta       0.1500
kappa_pi         0.080       0.0479      0.0116      0.0817     gamm       0.0400

standard deviation of shocks
            prior mean   post. mean        90% HPD interval    prior       pstdev

eps_q            0.500       0.8307      0.7391      0.9176     invg          Inf
eps_i            0.080       0.0278      0.0248      0.0310     invg          Inf
eps_pi           0.700       0.5963      0.5284      0.6611     invg          Inf
eps_q_us         1.000       1.1479      1.0314      1.2724     invg          Inf
eps_pi_us        0.300       0.3224      0.2865      0.3551     invg          Inf
Total computing time : 0h01m58s
