Starting Dynare (version 6.5).
Calling Dynare with arguments: noclearall nograph
Starting preprocessing of the model file ... 
Substitution of Diff operator: added 15 auxiliary variables and equations. 
Found 140 equation(s). 
Evaluating expressions... 
Computing static model derivatives (order 1). 
Normalizing the static model... 
Normalization failed with cutoff, trying symbolic normalization... 
Finding the optimal block decomposition of the static model... 
89 block(s) found: 
  87 recursive block(s) and 2 simultaneous block(s). 
  the largest simultaneous block has 11 equation(s) 
                                 and 11 feedback variable(s). 
Computing dynamic model derivatives (order 1). 
Normalizing the dynamic model... 
WARNING: All equations are written so that a single contemporaneous endogenous variable appears on the left-hand side. This suggests a natural normalization of the model. However, variable i_au could not be matched with an equation. Check whether this is desired. 
Finding the optimal block decomposition of the dynamic model... 
3 block(s) found: 
  2 recursive block(s) and 1 simultaneous block(s). 
  the largest simultaneous block has 14 equation(s) 
                                 and 1 feedback variable(s). 
Preprocessing completed. 
Preprocessing time: 0h00m01s.

STEADY-STATE RESULTS:

yhat_au                		 0
i_au                   		 1.0491
pi_au                  		 0.625
yhat_us                		 0
pi_us                  		 0.5
ibar                   		 1.0491
pibar_au               		 0.625
pibar_us               		 0.5
i_gap                  		 0
pi_au_gap              		 0
pi_us_gap              		 0
piQ                    		 0.625
piQ_star               		 0.625
piQ_star_bar           		 0.625
pQ_gap                 		 0
dln_k                  		 0
dln_y_star             		 0
dln_tfp                		 0
dln_ulc                		 0.625
dln_prod               		 0
pi_w                   		 0.625
u_gap                  		 0
pv_u_gap               		 0
dln_n                  		 0
dln_n_star             		 0
dln_n_star_bar         		 0
n_gap                  		 0
dln_n_1                		 0
dln_n_2                		 0
dln_n_3                		 0
dln_c                  		 0
dln_c_star             		 0
dln_c_star_bar         		 0
c_gap                  		 0
pv_yh                  		 0
dln_ib                 		 0
dln_ib_star            		 0
dln_ib_star_bar        		 0
ib_gap                 		 0
dln_ib_1               		 0
dln_ih                 		 0
dln_ih_star            		 0
dln_ih_star_bar        		 0
ih_gap                 		 0
dln_ih_1               		 0
uc_k                   		 1.8591
dln_uc_k               		 0
i_10y                  		 1.3491
tp                     		 0.3
pv_i                   		 1.0491
wacc                   		 1.8341
i_COE                  		 2.1491
i_LB_firms             		 1.5991
i_BBB                  		 1.3991
s_COE                  		 0.8
s_LB_firms             		 0.25
s_BBB                  		 0.05
s_gap                  		 0
dln_x                  		 0
x_gap                  		 0
dln_m                  		 0
m_gap                  		 0
pi_c                   		 0.625
pi_ib                  		 0.625
pi_ih                  		 0.625
pi_x                   		 0.625
pi_m                   		 0.625
dln_pcom               		 0
dln_g                  		 0
pi_g                   		 0.625
yhat_dom               		 0
rw_gap                 		 0
iad                    		 0
i_lh                   		 1.7491
dln_ph                 		 0
ph_gap                 		 0
y_gap_var              		 0
i_gap_var              		 0
pi_gap_var             		 0
u_gap_var              		 0
yhat_us_var            		 0
piQ_hat                		 0
n_hat                  		 0
yh_ratio_hat           		 0
c_hat                  		 0
ib_hat                 		 0
rKB_hat                		 0
ih_hat                 		 0
pv_piQ_aux             		 0
pv_n_aux               		 0
pv_c_aux               		 0
pv_ib_aux              		 0
pv_rKB_aux             		 0
pv_ih_aux              		 0
w_F                    		 -2.8
w_G                    		 -1.6
w_H                    		 4.32
w_N                    		 0.08
yf_F                   		 -3.79312
yf_G                   		 -2.15856
yf_H                   		 5.85135
yf_N                   		 0.107588
b_F                    		 0
b_G                    		 0
b_H                    		 0
b_N                    		 0
tau_F                  		 0.026
tau_G                  		 0.16
tau_N                  		 0.00026
i_F                    		 1.3454
i_G                    		 1.3491
i_H                    		 1.3484
i_N                    		 1.3481
b_ROW                  		 0
pQ_level               		 0
pQ_star_level          		 0
ln_c_level             		 0
ln_ib_level            		 0
ln_ih_level            		 0
ln_n_level             		 0

EIGENVALUES:
         Modulus             Real        Imaginary
               0               -0                0
               0               -0                0
               0               -0                0
               0               -0                0
               0               -0                0
               0               -0                0
          0.1601           0.1601                0
          0.1994          -0.1994                0
          0.2406          -0.2406                0
           0.247            0.247                0
          0.2719           0.2719                0
          0.2842           0.2842                0
          0.2858           0.2858                0
          0.2884          -0.2884                0
          0.2998           0.2998                0
             0.3              0.3                0
             0.3              0.3                0
             0.3              0.3                0
          0.3241           0.3241                0
          0.3302         -0.03066           0.3287
          0.3302         -0.03066          -0.3287
            0.35             0.35                0
             0.4              0.4                0
          0.4326           0.4326                0
            0.45             0.45                0
          0.4544           0.4544                0
             0.5              0.5                0
          0.5158           0.5158                0
          0.5844           0.5844                0
            0.59             0.59                0
          0.6529           0.6529                0
          0.6553           0.6553                0
            0.67             0.67                0
            0.67             0.67                0
          0.6974           0.6974                0
             0.7              0.7                0
             0.7              0.7                0
             0.7              0.7                0
           0.703            0.703                0
          0.7076           0.7076                0
            0.71             0.71                0
            0.77             0.77                0
          0.8057           0.8057                0
          0.8057           0.8057                0
          0.8366           0.8354          0.04497
          0.8366           0.8354         -0.04497
            0.85             0.85                0
          0.8556           0.8556                0
            0.88             0.88                0
             0.9              0.9                0
             0.9              0.9                0
             0.9              0.9                0
             0.9              0.9                0
          0.9123           0.9123                0
          0.9176           0.9176                0
            0.92             0.92                0
            0.92             0.92                0
          0.9262           0.9262                0
           0.928            0.928                0
            0.93             0.93                0
            0.93             0.93                0
            0.94             0.94                0
            0.94             0.94                0
          0.9487           0.9487                0
          0.9489           0.9471           0.0591
          0.9489           0.9471          -0.0591
            0.95             0.95                0
            0.95             0.95                0
            0.95             0.95                0
            0.95             0.95                0
            0.95             0.95                0
            0.95             0.95                0
          0.9561           0.9561                0
          0.9565           0.9565                0
          0.9592           0.9592                0
            0.97             0.97                0
           0.975            0.975                0
            0.98             0.98                0
            0.98             0.98                0
            0.98             0.98                0
            0.98             0.98                0
            0.98             0.98                0
            0.98             0.98                0
            0.98             0.98                0
           0.983            0.983                0
           0.983            0.983                0
           0.983            0.983                0
           0.983            0.983                0
           0.985            0.985                0
            0.99             0.99                0
               1                1                0
               1                1                0
               1                1                0
               1                1                0
               1                1                0

There are 0 eigenvalue(s) larger than 1 in modulus for 0 forward-looking variable(s)
The rank condition is verified.

Total computing time : 0h00m02s
