Starting Dynare (version 6.5).
Calling Dynare with arguments: noclearall nograph
Starting preprocessing of the model file ... 
Found 53 equation(s). 
Evaluating expressions... 
Computing static model derivatives (order 1). 
Normalizing the static model... 
Finding the optimal block decomposition of the static model... 
22 block(s) found: 
  19 recursive block(s) and 3 simultaneous block(s). 
  the largest simultaneous block has 27 equation(s) 
                                 and 27 feedback variable(s). 
Computing dynamic model derivatives (order 1). 
Normalizing the dynamic model... 
WARNING: All equations are written so that a single contemporaneous endogenous variable appears on the left-hand side. This suggests a natural normalization of the model. However, variable i_au could not be matched with an equation. Check whether this is desired. 
Finding the optimal block decomposition of the dynamic model... 
3 block(s) found: 
  2 recursive block(s) and 1 simultaneous block(s). 
  the largest simultaneous block has 9 equation(s) 
                                 and 1 feedback variable(s). 
Preprocessing completed. 
Preprocessing time: 0h00m01s.

STEADY-STATE RESULTS:

yhat_au         		 0
i_au            		 1.0491
pi_au           		 0.625
yhat_us         		 0
pi_us           		 0.5
ibar            		 1.0491
pibar_au        		 0.625
pibar_us        		 0.5
i_gap           		 0
pi_au_gap       		 0
pi_us_gap       		 0
piQ             		 0.625
piQ_star        		 0.625
piQ_star_bar    		 0.625
pQ_gap          		 0
pi_w            		 0.625
dln_n           		 0
dln_n_star      		 0
dln_n_star_bar  		 0
n_gap           		 0
dln_n_1         		 0
dln_n_2         		 0
dln_n_3         		 0
dln_c           		 0
dln_c_star      		 0
dln_c_star_bar  		 0
c_gap           		 0
dln_ib          		 0
dln_ib_star     		 0
dln_ib_star_bar 		 0
ib_gap          		 0
dln_ib_1        		 0
dln_ih          		 0
dln_ih_star     		 0
dln_ih_star_bar 		 0
ih_gap          		 0
dln_ih_1        		 0
i_10y           		 1.3491
tp              		 0.3
wacc            		 1.8491
s_gap           		 0
dln_x           		 0
x_gap           		 0
dln_m           		 0
m_gap           		 0
pi_c            		 0.625
pi_ib           		 0.625
pi_ih           		 0.625
pi_x            		 0.625
pi_m            		 0.625
dln_g           		 0
pi_g            		 0.625
yhat_dom        		 0

EIGENVALUES:
         Modulus             Real        Imaginary
               0               -0                0
       5.012e-17       -5.012e-17                0
       8.716e-17        8.716e-17                0
        9.75e-17         9.75e-17                0
          0.2029          -0.2029                0
          0.2174          -0.2174                0
          0.2194           0.2194                0
           0.273            0.273                0
          0.2884          -0.2884                0
             0.3              0.3                0
             0.3              0.3                0
           0.324            0.324                0
          0.3302         -0.03066           0.3287
          0.3302         -0.03066          -0.3287
            0.35             0.35                0
          0.3742           0.3742                0
             0.4              0.4                0
          0.4242           0.4242                0
            0.45             0.45                0
          0.4828           0.4828                0
             0.5              0.5                0
          0.5392           0.5392                0
            0.55             0.55                0
          0.5844           0.5844                0
          0.6529           0.6529                0
          0.6974           0.6974                0
          0.8057           0.8057                0
          0.8115           0.8115                0
          0.8472           0.8472                0
            0.85             0.85                0
          0.8556           0.8556                0
          0.8984           0.8984                0
          0.9002           0.9002                0
          0.9123           0.9123                0
           0.915            0.915                0
          0.9207           0.9207                0
          0.9279           0.9279                0
          0.9283           0.9283                0
            0.93             0.93                0
            0.93             0.93                0
          0.9349           0.9349                0
            0.95             0.95                0
            0.95             0.95                0
            0.95             0.95                0
            0.95             0.95                0
          0.9505           0.9505                0
            0.98             0.98                0
           0.985            0.985                0

There are 0 eigenvalue(s) larger than 1 in modulus for 0 forward-looking variable(s)
The rank condition is verified.


MODEL SUMMARY

  Number of variables:         53
  Number of stochastic shocks: 27
  Number of state variables:   48
  Number of jumpers:           0
  Number of static variables:  5


MATRIX OF COVARIANCE OF EXOGENOUS SHOCKS
Variables              eps_q         eps_i        eps_pi      eps_q_us     eps_pi_us      eps_ibar  eps_pibar_au  eps_pibar_us        eps_pQ         eps_w         eps_n         eps_c        eps_ib        eps_ih       eps_10y        eps_tp      eps_wacc         eps_s         eps_x         eps_m        eps_pc       eps_pib       eps_pih        eps_px        eps_pm         eps_g        eps_pg
eps_q               0.604195      0.000000      0.000000      0.000000      0.000000      0.000000      0.000000      0.000000      0.000000      0.000000      0.000000      0.000000      0.000000      0.000000      0.000000      0.000000      0.000000      0.000000      0.000000      0.000000      0.000000      0.000000      0.000000      0.000000      0.000000      0.000000      0.000000
eps_i               0.000000      0.009565      0.000000      0.000000      0.000000      0.000000      0.000000      0.000000      0.000000      0.000000      0.000000      0.000000      0.000000      0.000000      0.000000      0.000000      0.000000      0.000000      0.000000      0.000000      0.000000      0.000000      0.000000      0.000000      0.000000      0.000000      0.000000
eps_pi              0.000000      0.000000      0.337096      0.000000      0.000000      0.000000      0.000000      0.000000      0.000000      0.000000      0.000000      0.000000      0.000000      0.000000      0.000000      0.000000      0.000000      0.000000      0.000000      0.000000      0.000000      0.000000      0.000000      0.000000      0.000000      0.000000      0.000000
eps_q_us            0.000000      0.000000      0.000000      1.183526      0.000000      0.000000      0.000000      0.000000      0.000000      0.000000      0.000000      0.000000      0.000000      0.000000      0.000000      0.000000      0.000000      0.000000      0.000000      0.000000      0.000000      0.000000      0.000000      0.000000      0.000000      0.000000      0.000000
eps_pi_us           0.000000      0.000000      0.000000      0.000000      0.069960      0.000000      0.000000      0.000000      0.000000      0.000000      0.000000      0.000000      0.000000      0.000000      0.000000      0.000000      0.000000      0.000000      0.000000      0.000000      0.000000      0.000000      0.000000      0.000000      0.000000      0.000000      0.000000
eps_ibar            0.000000      0.000000      0.000000      0.000000      0.000000      0.000100      0.000000      0.000000      0.000000      0.000000      0.000000      0.000000      0.000000      0.000000      0.000000      0.000000      0.000000      0.000000      0.000000      0.000000      0.000000      0.000000      0.000000      0.000000      0.000000      0.000000      0.000000
eps_pibar_au        0.000000      0.000000      0.000000      0.000000      0.000000      0.000000      0.000100      0.000000      0.000000      0.000000      0.000000      0.000000      0.000000      0.000000      0.000000      0.000000      0.000000      0.000000      0.000000      0.000000      0.000000      0.000000      0.000000      0.000000      0.000000      0.000000      0.000000
eps_pibar_us        0.000000      0.000000      0.000000      0.000000      0.000000      0.000000      0.000000      0.000100      0.000000      0.000000      0.000000      0.000000      0.000000      0.000000      0.000000      0.000000      0.000000      0.000000      0.000000      0.000000      0.000000      0.000000      0.000000      0.000000      0.000000      0.000000      0.000000
eps_pQ              0.000000      0.000000      0.000000      0.000000      0.000000      0.000000      0.000000      0.000000      0.250000      0.000000      0.000000      0.000000      0.000000      0.000000      0.000000      0.000000      0.000000      0.000000      0.000000      0.000000      0.000000      0.000000      0.000000      0.000000      0.000000      0.000000      0.000000
eps_w               0.000000      0.000000      0.000000      0.000000      0.000000      0.000000      0.000000      0.000000      0.000000      0.360000      0.000000      0.000000      0.000000      0.000000      0.000000      0.000000      0.000000      0.000000      0.000000      0.000000      0.000000      0.000000      0.000000      0.000000      0.000000      0.000000      0.000000
eps_n               0.000000      0.000000      0.000000      0.000000      0.000000      0.000000      0.000000      0.000000      0.000000      0.000000      0.160000      0.000000      0.000000      0.000000      0.000000      0.000000      0.000000      0.000000      0.000000      0.000000      0.000000      0.000000      0.000000      0.000000      0.000000      0.000000      0.000000
eps_c               0.000000      0.000000      0.000000      0.000000      0.000000      0.000000      0.000000      0.000000      0.000000      0.000000      0.000000      0.250000      0.000000      0.000000      0.000000      0.000000      0.000000      0.000000      0.000000      0.000000      0.000000      0.000000      0.000000      0.000000      0.000000      0.000000      0.000000
eps_ib              0.000000      0.000000      0.000000      0.000000      0.000000      0.000000      0.000000      0.000000      0.000000      0.000000      0.000000      0.000000      2.250000      0.000000      0.000000      0.000000      0.000000      0.000000      0.000000      0.000000      0.000000      0.000000      0.000000      0.000000      0.000000      0.000000      0.000000
eps_ih              0.000000      0.000000      0.000000      0.000000      0.000000      0.000000      0.000000      0.000000      0.000000      0.000000      0.000000      0.000000      0.000000      4.000000      0.000000      0.000000      0.000000      0.000000      0.000000      0.000000      0.000000      0.000000      0.000000      0.000000      0.000000      0.000000      0.000000
eps_10y             0.000000      0.000000      0.000000      0.000000      0.000000      0.000000      0.000000      0.000000      0.000000      0.000000      0.000000      0.000000      0.000000      0.000000      0.010000      0.000000      0.000000      0.000000      0.000000      0.000000      0.000000      0.000000      0.000000      0.000000      0.000000      0.000000      0.000000
eps_tp              0.000000      0.000000      0.000000      0.000000      0.000000      0.000000      0.000000      0.000000      0.000000      0.000000      0.000000      0.000000      0.000000      0.000000      0.000000      0.002500      0.000000      0.000000      0.000000      0.000000      0.000000      0.000000      0.000000      0.000000      0.000000      0.000000      0.000000
eps_wacc            0.000000      0.000000      0.000000      0.000000      0.000000      0.000000      0.000000      0.000000      0.000000      0.000000      0.000000      0.000000      0.000000      0.000000      0.000000      0.000000      0.022500      0.000000      0.000000      0.000000      0.000000      0.000000      0.000000      0.000000      0.000000      0.000000      0.000000
eps_s               0.000000      0.000000      0.000000      0.000000      0.000000      0.000000      0.000000      0.000000      0.000000      0.000000      0.000000      0.000000      0.000000      0.000000      0.000000      0.000000      0.000000      6.250000      0.000000      0.000000      0.000000      0.000000      0.000000      0.000000      0.000000      0.000000      0.000000
eps_x               0.000000      0.000000      0.000000      0.000000      0.000000      0.000000      0.000000      0.000000      0.000000      0.000000      0.000000      0.000000      0.000000      0.000000      0.000000      0.000000      0.000000      0.000000      1.440000      0.000000      0.000000      0.000000      0.000000      0.000000      0.000000      0.000000      0.000000
eps_m               0.000000      0.000000      0.000000      0.000000      0.000000      0.000000      0.000000      0.000000      0.000000      0.000000      0.000000      0.000000      0.000000      0.000000      0.000000      0.000000      0.000000      0.000000      0.000000      1.000000      0.000000      0.000000      0.000000      0.000000      0.000000      0.000000      0.000000
eps_pc              0.000000      0.000000      0.000000      0.000000      0.000000      0.000000      0.000000      0.000000      0.000000      0.000000      0.000000      0.000000      0.000000      0.000000      0.000000      0.000000      0.000000      0.000000      0.000000      0.000000      0.090000      0.000000      0.000000      0.000000      0.000000      0.000000      0.000000
eps_pib             0.000000      0.000000      0.000000      0.000000      0.000000      0.000000      0.000000      0.000000      0.000000      0.000000      0.000000      0.000000      0.000000      0.000000      0.000000      0.000000      0.000000      0.000000      0.000000      0.000000      0.000000      0.160000      0.000000      0.000000      0.000000      0.000000      0.000000
eps_pih             0.000000      0.000000      0.000000      0.000000      0.000000      0.000000      0.000000      0.000000      0.000000      0.000000      0.000000      0.000000      0.000000      0.000000      0.000000      0.000000      0.000000      0.000000      0.000000      0.000000      0.000000      0.000000      0.250000      0.000000      0.000000      0.000000      0.000000
eps_px              0.000000      0.000000      0.000000      0.000000      0.000000      0.000000      0.000000      0.000000      0.000000      0.000000      0.000000      0.000000      0.000000      0.000000      0.000000      0.000000      0.000000      0.000000      0.000000      0.000000      0.000000      0.000000      0.000000      0.640000      0.000000      0.000000      0.000000
eps_pm              0.000000      0.000000      0.000000      0.000000      0.000000      0.000000      0.000000      0.000000      0.000000      0.000000      0.000000      0.000000      0.000000      0.000000      0.000000      0.000000      0.000000      0.000000      0.000000      0.000000      0.000000      0.000000      0.000000      0.000000      0.490000      0.000000      0.000000
eps_g               0.000000      0.000000      0.000000      0.000000      0.000000      0.000000      0.000000      0.000000      0.000000      0.000000      0.000000      0.000000      0.000000      0.000000      0.000000      0.000000      0.000000      0.000000      0.000000      0.000000      0.000000      0.000000      0.000000      0.000000      0.000000      0.090000      0.000000
eps_pg              0.000000      0.000000      0.000000      0.000000      0.000000      0.000000      0.000000      0.000000      0.000000      0.000000      0.000000      0.000000      0.000000      0.000000      0.000000      0.000000      0.000000      0.000000      0.000000      0.000000      0.000000      0.000000      0.000000      0.000000      0.000000      0.000000      0.090000

POLICY AND TRANSITION FUNCTIONS
                             yhat_au           pi_au            i_au             piQ           dln_c          dln_ib          dln_ih           dln_n            pi_w           s_gap           i_10y
Constant                           0        0.625000        1.049100        0.625000               0               0               0               0        0.625000               0        1.349100
yhat_au(-1)                 0.448938        0.058200        0.023207        0.040404        0.067969        0.089787        0.053855        0.053873        0.053624       -0.003481        0.003481
yhat_us(-1)                 0.165678               0               0        0.014911        0.025084        0.033136        0.019881        0.019881        0.016568               0               0
ibar(-1)                           0               0        0.985000               0               0       -0.000010               0               0               0               0        0.147750
pibar_au(-1)                       0        0.930000               0        0.021390               0               0               0               0        0.418500               0               0
i_gap(-1)                  -0.169030               0        0.828100       -0.015213       -0.045591       -0.063815       -0.070905       -0.020284       -0.016903       -0.124215        0.124215
pi_au_gap(-1)               0.168454        0.262900        0.047909        0.015161        0.045504        0.063690        0.070179        0.020214        0.056280       -0.007186        0.007186
piQ(-1)                            0               0               0        0.500000               0               0               0               0               0               0               0
piQ_star(-1)                       0               0               0        0.437000               0               0               0               0               0               0               0
piQ_star_bar(-1)                   0               0               0        0.040000               0               0               0               0               0               0               0
pQ_gap(-1)                         0               0               0        0.060000               0               0               0               0               0               0               0
pi_w(-1)                           0               0               0               0               0               0               0               0        0.550000               0               0
dln_n(-1)                          0               0               0               0               0               0               0        0.300000               0               0               0
dln_n_star(-1)                     0               0               0               0               0               0               0        0.285000               0               0               0
n_gap(-1)                          0               0               0               0               0               0               0        0.040000               0               0               0
dln_n_1(-1)                        0               0               0               0               0               0               0        0.100000               0               0               0
dln_n_2(-1)                        0               0               0               0               0               0               0        0.050000               0               0               0
dln_n_3(-1)                        0               0               0               0               0               0               0        0.020000               0               0               0
dln_c(-1)                   0.019295               0               0        0.001737        0.352921        0.003859        0.002315        0.002315        0.001930               0               0
dln_c_star(-1)              0.018331               0               0        0.001650        0.335275        0.003666        0.002200        0.002200        0.001833               0               0
dln_c_star_bar(-1)          0.016539               0               0        0.001488        0.302504        0.003308        0.001985        0.001985        0.001654               0               0
c_gap(-1)                   0.003308               0               0        0.000298        0.060501        0.000662        0.000397        0.000397        0.000331               0               0
dln_ib(-1)                  0.003258               0               0        0.000293        0.000493        0.250652        0.000391        0.000391        0.000326               0               0
dln_ib_star(-1)             0.004333               0               0        0.000390        0.000656        0.333367        0.000520        0.000520        0.000433               0               0
dln_ib_star_bar(-1)         0.003909               0               0        0.000352        0.000592        0.300782        0.000469        0.000469        0.000391               0               0
ib_gap(-1)                  0.000521               0               0        0.000047        0.000079        0.040104        0.000063        0.000063        0.000052               0               0
dln_ib_1(-1)                0.001303               0               0        0.000117        0.000197        0.100261        0.000156        0.000156        0.000130               0               0
dln_ih(-1)                  0.001203               0               0        0.000108        0.000182        0.000241        0.200144        0.000144        0.000120               0               0
dln_ih_star(-1)             0.001714               0               0        0.000154        0.000260        0.000343        0.285206        0.000206        0.000171               0               0
dln_ih_star_bar(-1)         0.002526               0               0        0.000227        0.000382        0.000505        0.420303        0.000303        0.000253               0               0
ih_gap(-1)                  0.000301               0               0        0.000027        0.000046        0.000060        0.050036        0.000036        0.000030               0               0
dln_ih_1(-1)                0.000481               0               0        0.000043        0.000073        0.000096        0.080058        0.000058        0.000048               0               0
i_10y(-1)                          0               0               0               0               0       -0.000060               0               0               0               0        0.850000
tp(-1)                             0               0               0               0               0       -0.000010               0               0               0               0        0.147000
wacc(-1)                   -0.000008               0               0               0       -0.000001       -0.000632               0               0               0               0               0
s_gap(-1)                   0.004002               0               0        0.000360        0.000606        0.000800        0.000480        0.000480        0.000400        0.920000               0
dln_x(-1)                   0.007518               0               0        0.000677        0.001138        0.001504        0.000902        0.000902        0.000752               0               0
x_gap(-1)                   0.001253               0               0        0.000113        0.000190        0.000251        0.000150        0.000150        0.000125               0               0
dln_m(-1)                  -0.005764               0               0       -0.000519       -0.000873       -0.001153       -0.000692       -0.000692       -0.000576               0               0
m_gap(-1)                  -0.001383               0               0       -0.000124       -0.000209       -0.000277       -0.000166       -0.000166       -0.000138               0               0
dln_g(-1)                   0.020448               0               0        0.001840        0.003096        0.004090        0.002454        0.002454        0.002045               0               0
eps_q                       1.002353               0               0        0.090212        0.151756        0.200471        0.120282        0.120282        0.100235               0               0
eps_i                      -0.000657               0        1.000000       -0.000059       -0.000099       -0.000142       -0.000829       -0.000079       -0.000066       -0.150000        0.150000
eps_pi                             0        1.000000               0               0               0               0               0               0        0.150000               0               0
eps_q_us                    0.205633               0               0        0.018507        0.031133        0.041127        0.024676        0.024676        0.020563               0               0
eps_ibar                           0               0        1.000000               0               0       -0.000011               0               0               0               0        0.150000
eps_pibar_au                       0        1.000000               0        0.023000               0               0               0               0        0.450000               0               0
eps_pQ                             0               0               0        1.000000               0               0               0               0               0               0               0
eps_w                              0               0               0               0               0               0               0               0        1.000000               0               0
eps_n                              0               0               0               0               0               0               0        1.000000               0               0               0
eps_c                       0.055129               0               0        0.004962        1.008347        0.011026        0.006616        0.006616        0.005513               0               0
eps_ib                      0.013031               0               0        0.001173        0.001973        1.002606        0.001564        0.001564        0.001303               0               0
eps_ih                      0.006014               0               0        0.000541        0.000911        0.001203        1.000722        0.000722        0.000601               0               0
eps_10y                            0               0               0               0               0       -0.000070               0               0               0               0        1.000000
eps_tp                             0               0               0               0               0       -0.000011               0               0               0               0        0.150000
eps_wacc                   -0.000009               0               0               0       -0.000001       -0.000702       -0.000001       -0.000001               0               0               0
eps_s                       0.004350               0               0        0.000392        0.000659        0.000870        0.000522        0.000522        0.000435        1.000000               0
eps_x                       0.025059               0               0        0.002255        0.003794        0.005012        0.003007        0.003007        0.002506               0               0
eps_m                      -0.023054               0               0       -0.002075       -0.003490       -0.004611       -0.002766       -0.002766       -0.002305               0               0
eps_g                       0.024056               0               0        0.002165        0.003642        0.004811        0.002887        0.002887        0.002406               0               0


THEORETICAL MOMENTS
VARIABLE         MEAN  STD. DEV.   VARIANCE
yhat_au        0.0000     1.0793     1.1649
pi_au          0.6250     0.6077     0.3693
i_au           1.0491     0.2161     0.0467
piQ            0.6250     0.6009     0.3611
dln_c          0.0000     0.5918     0.3502
dln_ib         0.0000     1.6072     2.5831
dln_ih         0.0000     2.0815     4.3325
dln_n          0.0000     0.4660     0.2172
pi_w           0.6250     0.7598     0.5773
s_gap          0.0000     6.3794    40.6967
i_10y          1.3491     0.3416     0.1167



VARIANCE DECOMPOSITION (in percent)
                  eps_q         eps_i        eps_pi      eps_q_us     eps_pi_us      eps_ibar  eps_pibar_au  eps_pibar_us        eps_pQ         eps_w         eps_n         eps_c        eps_ib        eps_ih       eps_10y        eps_tp      eps_wacc         eps_s         eps_x         eps_m        eps_pc       eps_pib       eps_pih        eps_px        eps_pm         eps_g        eps_pg
yhat_au           65.47          0.21          1.30         32.36          0.00          0.00          0.00          0.00          0.00          0.00          0.00          0.13          0.06          0.02          0.00          0.00          0.00          0.19          0.14          0.08          0.00         -0.00          0.00         -0.00          0.00          0.04          0.00
pi_au              0.95          0.00         98.23          0.60          0.00          0.00          0.20         -0.00          0.00          0.00         -0.00          0.00          0.00          0.00          0.00          0.00          0.00          0.00          0.00          0.00         -0.00         -0.00         -0.00         -0.00          0.00          0.00         -0.00
i_au               7.87         63.24         11.00         10.57          0.00          7.19          0.00         -0.00          0.00         -0.00          0.00          0.02          0.01          0.00          0.00          0.00          0.00          0.07          0.02          0.01         -0.00         -0.00          0.00         -0.00          0.00          0.02         -0.00
piQ                3.51          0.01          0.08          2.06          0.00          0.00          0.08         -0.00         94.20          0.00         -0.00          0.01          0.00          0.00          0.00          0.00          0.00          0.01          0.01          0.00         -0.00         -0.00         -0.00          0.00          0.00          0.00          0.00
dln_c              9.22          0.06          0.45          5.02          0.00          0.00          0.00          0.00          0.00          0.00          0.00         85.16          0.01          0.00          0.00          0.00          0.00          0.03          0.02          0.01          0.00          0.00          0.00         -0.00         -0.00          0.01          0.00
dln_ib             1.71          0.01          0.10          1.01          0.00          0.00          0.00         -0.00          0.00          0.00         -0.00          0.00         97.14          0.00          0.00          0.00          0.00          0.01          0.00          0.00         -0.00          0.00          0.00         -0.00          0.00          0.00          0.00
dln_ih             0.34          0.01          0.06          0.18          0.00          0.00          0.00         -0.00          0.00          0.00          0.00          0.00          0.00         99.42          0.00          0.00          0.00          0.00          0.00          0.00          0.00          0.00         -0.00         -0.00          0.00          0.00          0.00
dln_n              8.25          0.04          0.18          5.61          0.00          0.00          0.00         -0.00          0.00          0.00         85.82          0.02          0.01          0.00          0.00          0.00          0.00          0.04          0.02          0.01         -0.00         -0.00          0.00         -0.00          0.00          0.01          0.00
pi_w               3.71          0.02          3.38          3.31          0.00          0.00          0.12         -0.00          0.00         89.40          0.00          0.01          0.00          0.00          0.00          0.00          0.00          0.02          0.01          0.00         -0.00         -0.00          0.00          0.00         -0.00          0.00          0.00
s_gap              0.01          0.08          0.02          0.02          0.00          0.00          0.00          0.00          0.00          0.00          0.00          0.00          0.00          0.00          0.00          0.00          0.00         99.88          0.00          0.00          0.00          0.00          0.00         -0.00          0.00          0.00          0.00
i_10y              1.70         11.44          2.28          2.92          0.00          2.63         -0.00         -0.00         -0.00          0.00          0.00          0.00          0.00          0.00         30.87         48.13          0.00          0.02          0.00          0.00          0.00          0.00          0.00         -0.00          0.00          0.00          0.00



MATRIX OF CORRELATIONS
Variables    yhat_au    pi_au     i_au      piQ    dln_c   dln_ib   dln_ih    dln_n     pi_w    s_gap    i_10y
yhat_au       1.0000   0.1033   0.1719   0.1989   0.3741   0.1748   0.0803   0.3325   0.2449   0.0298   0.0298
pi_au         0.1033   1.0000   0.0852   0.0256   0.0492   0.0215   0.0113   0.0408   0.1749   0.0032   0.0138
i_au          0.1719   0.0852   1.0000   0.0130   0.0368   0.0165   0.0019   0.0477   0.1159  -0.0048   0.3545
piQ           0.1989   0.0256   0.0130   1.0000   0.0966   0.0434   0.0198   0.0868   0.0520   0.0056  -0.0158
dln_c         0.3741   0.0492   0.0368   0.0966   1.0000   0.0754   0.0345   0.1493   0.0970   0.0101  -0.0165
dln_ib        0.1748   0.0215   0.0165   0.0434   0.0754   1.0000   0.0160   0.0698   0.0441   0.0046  -0.0119
dln_ih        0.0803   0.0113   0.0019   0.0198   0.0345   0.0160   1.0000   0.0312   0.0197   0.0019  -0.0060
dln_n         0.3325   0.0408   0.0477   0.0868   0.1493   0.0698   0.0312   1.0000   0.0892   0.0102  -0.0147
pi_w          0.2449   0.1749   0.1159   0.0520   0.0970   0.0441   0.0197   0.0892   1.0000   0.0085   0.0255
s_gap         0.0298   0.0032  -0.0048   0.0056   0.0101   0.0046   0.0019   0.0102   0.0085   1.0000  -0.0073
i_10y         0.0298   0.0138   0.3545  -0.0158  -0.0165  -0.0119  -0.0060  -0.0147   0.0255  -0.0073   1.0000



COEFFICIENTS OF AUTOCORRELATION
Order            1        2        3        4        5
yhat_au     0.6077   0.3978   0.2724   0.1920   0.1378
pi_au       0.2749   0.0894   0.0350   0.0160   0.0081
i_au        0.8708   0.7489   0.6402   0.5458   0.4651
piQ         0.4902   0.1992   0.0377  -0.0478  -0.0894
dln_c       0.3965   0.1330   0.0155  -0.0375  -0.0607
dln_ib      0.2721   0.1469   0.0336  -0.0107  -0.0341
dln_ih      0.1937   0.0861  -0.0050  -0.0321  -0.0435
dln_n       0.3913   0.2438   0.1507   0.0762   0.0169
pi_w        0.5824   0.3404   0.2004   0.1192   0.0718
s_gap       0.9200   0.8464   0.7786   0.7163   0.6590
i_10y       0.9504   0.9027   0.8572   0.8141   0.7737
Initial value of the log posterior (or likelihood): -1842.9168
-----------------
f at the beginning of new iteration,      1842.9168073742
Predicted improvement:      578.727137115
lambda =          1; f =         1311.5647991
Norm of dx    0.34021
----
Improvement on iteration 1 =      531.352008270
-----------------
f at the beginning of new iteration,      1311.5647991046
Predicted improvement:       31.572842793
lambda =          1; f =         1256.9385042
lambda =     1.9332; f =         1218.5535640
lambda =     3.7372; f =         1169.1646968
Norm of dx   0.089943
----
Improvement on iteration 2 =      142.400102276
-----------------
f at the beginning of new iteration,      1169.1646968286
Predicted improvement:       30.732395769
lambda =          1; f =         1124.8755870
lambda =     1.9332; f =         1106.6305248
Norm of dx    0.20015
----
Improvement on iteration 3 =       62.534171998
-----------------
f at the beginning of new iteration,      1106.6305248309
Predicted improvement:        6.709963388
lambda =          1; f =         1097.0234496
lambda =     1.9332; f =         1106.6305831
lambda =     1.3017; f =         1096.0175125
Norm of dx    0.11831
----
Improvement on iteration 4 =       10.613012369
-----------------
f at the beginning of new iteration,      1096.0175124618
Predicted improvement:        8.197210359
lambda =          1; f =         1085.3598175
Norm of dx   0.091256
----
Improvement on iteration 5 =       10.657694998
-----------------
f at the beginning of new iteration,      1085.3598174633
Predicted improvement:        4.126970802
lambda =          1; f =         1078.8856922
lambda =     1.9332; f =         1075.8548210
Norm of dx    0.11357
----
Improvement on iteration 6 =        9.504996493
-----------------
f at the beginning of new iteration,      1075.8548209705
Predicted improvement:        3.892642354
lambda =          1; f =         1070.7101058
Norm of dx   0.090255
----
Improvement on iteration 7 =        5.144715184
-----------------
f at the beginning of new iteration,      1070.7101057866
Predicted improvement:        2.483910914
lambda =          1; f =         1066.6010537
lambda =     1.9332; f =         1064.1206530
Norm of dx   0.070833
----
Improvement on iteration 8 =        6.589452794
-----------------
f at the beginning of new iteration,      1064.1206529931
Predicted improvement:        3.242998452
lambda =          1; f =         1059.2232692
lambda =     1.9332; f =         1057.4191814
Norm of dx    0.10107
----
Improvement on iteration 9 =        6.701471584
-----------------
f at the beginning of new iteration,      1057.4191814094
Predicted improvement:        1.470563040
lambda =          1; f =         1054.8874280
lambda =     1.9332; f =         1053.2997201
lambda =     3.7372; f =         1052.6427255
Norm of dx   0.041975
----
Improvement on iteration 10 =        4.776455887
-----------------
f at the beginning of new iteration,      1052.6427255223
Predicted improvement:        0.605471396
lambda =          1; f =         1051.7959941
Norm of dx   0.034096
----
Improvement on iteration 11 =        0.846731441
-----------------
f at the beginning of new iteration,      1051.7959940813
Predicted improvement:        0.691688500
lambda =          1; f =         1050.6861228
lambda =     1.9332; f =         1050.1362500
Norm of dx   0.026039
----
Improvement on iteration 12 =        1.659744072
-----------------
f at the beginning of new iteration,      1050.1362500095
Predicted improvement:        0.702853680
lambda =          1; f =         1049.0169820
lambda =     1.9332; f =         1048.5330821
Norm of dx   0.048159
----
Improvement on iteration 13 =        1.603167959
-----------------
f at the beginning of new iteration,      1048.5330820509
Predicted improvement:        0.671722647
lambda =          1; f =         1047.4476288
lambda =     1.9332; f =         1046.9027879
Norm of dx   0.055174
----
Improvement on iteration 14 =        1.630294130
-----------------
f at the beginning of new iteration,      1046.9027879211
Predicted improvement:        0.403258405
lambda =          1; f =         1046.3261646
lambda =     1.9332; f =         1046.1906496
Norm of dx   0.027977
----
Improvement on iteration 15 =        0.712138289
-----------------
f at the beginning of new iteration,      1046.1906496325
Predicted improvement:        0.131089389
lambda =          1; f =         1045.9835162
lambda =     1.9332; f =         1045.8877803
Norm of dx   0.017608
----
Improvement on iteration 16 =        0.302869321
-----------------
f at the beginning of new iteration,      1045.8877803118
Predicted improvement:        0.113331884
lambda =          1; f =         1045.6872535
lambda =     1.9332; f =         1045.5486921
lambda =     3.7372; f =         1045.4221592
Norm of dx  0.0096971
----
Improvement on iteration 17 =        0.465621069
-----------------
f at the beginning of new iteration,      1045.4221592430
Predicted improvement:        0.217666353
lambda =          1; f =         1045.0553037
lambda =     1.9332; f =         1044.8392181
Norm of dx   0.022228
----
Improvement on iteration 18 =        0.582941187
-----------------
f at the beginning of new iteration,      1044.8392180564
Predicted improvement:        0.298234712
lambda =          1; f =         1044.4630511
Norm of dx   0.038511
----
Improvement on iteration 19 =        0.376166948
-----------------
f at the beginning of new iteration,      1044.4630511080
Predicted improvement:        0.141159074
lambda =          1; f =         1044.2454424
lambda =     1.9332; f =         1044.1577013
Norm of dx     0.0232
----
Improvement on iteration 20 =        0.305349825
-----------------
f at the beginning of new iteration,      1044.1577012830
Predicted improvement:        0.099333040
lambda =          1; f =         1043.9899430
lambda =     1.9332; f =         1043.8869882
lambda =     3.7372; f =         1043.8246637
Norm of dx   0.013029
----
Improvement on iteration 21 =        0.333037597
-----------------
f at the beginning of new iteration,      1043.8246636855
Predicted improvement:        0.114588984
lambda =          1; f =         1043.6113279
lambda =     1.9332; f =         1043.4411324
lambda =     3.7372; f =         1043.1929925
lambda =     7.2247; f =         1043.0286714
Norm of dx  0.0089153
----
Improvement on iteration 22 =        0.795992299
-----------------
f at the beginning of new iteration,      1043.0286713861
Predicted improvement:        0.271884048
lambda =          1; f =         1042.6338027
lambda =     1.9332; f =         1042.5288404
Norm of dx   0.049035
----
Improvement on iteration 23 =        0.499830973
-----------------
f at the beginning of new iteration,      1042.5288404130
Predicted improvement:        0.064700577
lambda =          1; f =         1042.4351452
lambda =     1.9332; f =         1042.4142705
Norm of dx   0.018007
----
Improvement on iteration 24 =        0.114569889
-----------------
f at the beginning of new iteration,      1042.4142705241
Predicted improvement:        0.051974199
lambda =          1; f =         1042.3287426
lambda =     1.9332; f =         1042.2813535
Norm of dx  0.0084556
----
Improvement on iteration 25 =        0.132917009
-----------------
f at the beginning of new iteration,      1042.2813535148
Predicted improvement:        0.082981115
lambda =          1; f =         1042.1627945
lambda =     1.9332; f =         1042.1370804
Norm of dx   0.018423
----
Improvement on iteration 26 =        0.144273076
-----------------
f at the beginning of new iteration,      1042.1370804384
Predicted improvement:        0.028049417
lambda =          1; f =         1042.0912726
lambda =     1.9332; f =         1042.0671750
Norm of dx  0.0045166
----
Improvement on iteration 27 =        0.069905411
-----------------
f at the beginning of new iteration,      1042.0671750277
Predicted improvement:        0.024542065
lambda =          1; f =         1042.0320666
lambda =     1.9332; f =         1042.0244462
Norm of dx   0.009463
----
Improvement on iteration 28 =        0.042728836
-----------------
f at the beginning of new iteration,      1042.0244461917
Predicted improvement:        0.007493170
lambda =          1; f =         1042.0135089
lambda =     1.9332; f =         1042.0105107
Norm of dx   0.003963
----
Improvement on iteration 29 =        0.013935510
-----------------
f at the beginning of new iteration,      1042.0105106815
Predicted improvement:        0.002574580
lambda =          1; f =         1042.0058167
lambda =     1.9332; f =         1042.0022583
lambda =     3.7372; f =         1041.9976338
Norm of dx  0.0022506
----
Improvement on iteration 30 =        0.012876930
-----------------
f at the beginning of new iteration,      1041.9976337518
Predicted improvement:        0.006757780
lambda =          1; f =         1041.9878858
lambda =     1.9332; f =         1041.9856012
Norm of dx  0.0045024
----
Improvement on iteration 31 =        0.012032546
-----------------
f at the beginning of new iteration,      1041.9856012057
Predicted improvement:        0.002732203
lambda =          1; f =         1041.9809894
lambda =     1.9332; f =         1041.9782232
Norm of dx  0.0024602
----
Improvement on iteration 32 =        0.007378050
-----------------
f at the beginning of new iteration,      1041.9782231561
Predicted improvement:        0.003738236
lambda =          1; f =         1041.9729140
lambda =     1.9332; f =         1041.9718609
Norm of dx  0.0027679
----
Improvement on iteration 33 =        0.006362210
-----------------
f at the beginning of new iteration,      1041.9718609462
Predicted improvement:        0.001620688
lambda =          1; f =         1041.9691727
lambda =     1.9332; f =         1041.9676621
Norm of dx   0.002922
----
Improvement on iteration 34 =        0.004198883
-----------------
f at the beginning of new iteration,      1041.9676620635
Predicted improvement:        0.001896398
lambda =          1; f =         1041.9646628
lambda =     1.9332; f =         1041.9632945
Norm of dx  0.0040021
----
Improvement on iteration 35 =        0.004367591
-----------------
f at the beginning of new iteration,      1041.9632944725
Predicted improvement:        0.002136321
lambda =          1; f =         1041.9596186
lambda =     1.9332; f =         1041.9572638
lambda =     3.7372; f =         1041.9556539
Norm of dx  0.0024454
----
Improvement on iteration 36 =        0.007640621
-----------------
f at the beginning of new iteration,      1041.9556538510
Predicted improvement:        0.001425213
lambda =          1; f =         1041.9537538
Norm of dx  0.0039046
----
Improvement on iteration 37 =        0.001900005
-----------------
f at the beginning of new iteration,      1041.9537538458
Predicted improvement:        0.000422164
lambda =          1; f =         1041.9531642
Norm of dx  0.0017916
----
Improvement on iteration 38 =        0.000589677
-----------------
f at the beginning of new iteration,      1041.9531641687
Predicted improvement:        0.000370629
lambda =          1; f =         1041.9525507
lambda =     1.9332; f =         1041.9522084
Norm of dx  0.0010714
----
Improvement on iteration 39 =        0.000955744
-----------------
f at the beginning of new iteration,      1041.9522084243
Predicted improvement:        0.000719164
lambda =          1; f =         1041.9509740
lambda =     1.9332; f =         1041.9501896
lambda =     3.7372; f =         1041.9496818
Norm of dx  0.0014082
----
Improvement on iteration 40 =        0.002526588
-----------------
f at the beginning of new iteration,      1041.9496818360
Predicted improvement:        0.001049240
lambda =          1; f =         1041.9479691
lambda =     1.9332; f =         1041.9470663
Norm of dx  0.0024593
----
Improvement on iteration 41 =        0.002615527
-----------------
f at the beginning of new iteration,      1041.9470663090
Predicted improvement:        0.000646290
lambda =          1; f =         1041.9460804
lambda =     1.9332; f =         1041.9457134
Norm of dx  0.0023653
----
Improvement on iteration 42 =        0.001352938
-----------------
f at the beginning of new iteration,      1041.9457133715
Predicted improvement:        0.000555330
lambda =          1; f =         1041.9447070
lambda =     1.9332; f =         1041.9439559
lambda =     3.7372; f =         1041.9430166
Norm of dx  0.0012058
----
Improvement on iteration 43 =        0.002696754
-----------------
f at the beginning of new iteration,      1041.9430166172
Predicted improvement:        0.001046820
lambda =          1; f =         1041.9412755
lambda =     1.9332; f =         1041.9402877
Norm of dx  0.0028061
----
Improvement on iteration 44 =        0.002728917
-----------------
f at the beginning of new iteration,      1041.9402877002
Predicted improvement:        0.002368760
lambda =          1; f =         1041.9359462
lambda =     1.9332; f =         1041.9326104
lambda =     3.7372; f =         1041.9281220
Norm of dx  0.0059538
----
Improvement on iteration 45 =        0.012165747
-----------------
f at the beginning of new iteration,      1041.9281219529
Predicted improvement:        0.013245853
lambda =          1; f =         1041.9040757
lambda =     1.9332; f =         1041.8860399
lambda =     3.7372; f =         1041.8631758
Norm of dx   0.032698
----
Improvement on iteration 46 =        0.064946117
-----------------
f at the beginning of new iteration,      1041.8631758364
Predicted improvement:        0.053289020
lambda =          1; f =         1041.7728186
lambda =     1.9332; f =         1041.7183402
lambda =     3.7372; f =         1041.7027869
Norm of dx    0.12882
----
Improvement on iteration 47 =        0.160388900
-----------------
f at the beginning of new iteration,      1041.7027869365
Predicted improvement:        0.058014940
lambda =          1; f =         1041.6234717
Norm of dx   0.088293
----
Improvement on iteration 48 =        0.079315251
-----------------
f at the beginning of new iteration,      1041.6234716858
Predicted improvement:        0.031262881
lambda =          1; f =         1041.5804320
Norm of dx   0.026124
----
Improvement on iteration 49 =        0.043039699
-----------------
f at the beginning of new iteration,      1041.5804319873
Predicted improvement:        0.026727835
lambda =          1; f =         1041.5348527
lambda =     1.9332; f =         1041.5069488
lambda =     3.7372; f =         1041.4957585
Norm of dx   0.045129
----
Improvement on iteration 50 =        0.084673455
-----------------
f at the beginning of new iteration,      1041.4957585318
Predicted improvement:        0.060938952
lambda =          1; f =         1041.3831970
lambda =     1.9332; f =         1041.2949337
lambda =     3.7372; f =         1041.1704228
lambda =     7.2247; f =         1041.1086816
Norm of dx   0.035937
----
Improvement on iteration 51 =        0.387076982
-----------------
f at the beginning of new iteration,      1041.1086815502
Predicted improvement:        0.068232596
lambda =          1; f =         1041.0356881
Norm of dx   0.056254
----
Improvement on iteration 52 =        0.072993475
-----------------
f at the beginning of new iteration,      1041.0356880748
Predicted improvement:        0.030220557
lambda =          1; f =         1041.0591036
lambda =    0.33333; f =         1041.0237580
Norm of dx    0.14039
----
Improvement on iteration 53 =        0.011930117
-----------------
f at the beginning of new iteration,      1041.0237579577
Predicted improvement:        0.001888826
lambda =          1; f =         1041.0209386
lambda =     1.9332; f =         1041.0200613
Norm of dx  0.0054046
----
Improvement on iteration 54 =        0.003696654
-----------------
f at the beginning of new iteration,      1041.0200613037
Predicted improvement:        0.001916038
lambda =          1; f =         1041.0163182
lambda =     1.9332; f =         1041.0129862
lambda =     3.7372; f =         1041.0069853
lambda =     7.2247; f =         1040.9970296
lambda =     13.967; f =         1040.9839237
Norm of dx 0.00096452
----
Improvement on iteration 55 =        0.036137588
-----------------
f at the beginning of new iteration,      1040.9839237155
Predicted improvement:        0.012741362
lambda =          1; f =         1040.9675893
Norm of dx   0.011364
----
Improvement on iteration 56 =        0.016334448
-----------------
f at the beginning of new iteration,      1040.9675892679
Predicted improvement:        0.003555652
lambda =          1; f =         1040.9627805
Norm of dx  0.0064413
----
Improvement on iteration 57 =        0.004808761
-----------------
f at the beginning of new iteration,      1040.9627805068
Predicted improvement:        0.001943867
lambda =          1; f =         1040.9597579
lambda =     1.9332; f =         1040.9585048
Norm of dx  0.0033549
----
Improvement on iteration 58 =        0.004275730
-----------------
f at the beginning of new iteration,      1040.9585047772
Predicted improvement:        0.002215184
lambda =          1; f =         1040.9543574
lambda =     1.9332; f =         1040.9509967
lambda =     3.7372; f =         1040.9458930
lambda =     7.2247; f =         1040.9412267
Norm of dx  0.0022274
----
Improvement on iteration 59 =        0.017278066
-----------------
f at the beginning of new iteration,      1040.9412267109
Predicted improvement:        0.005419380
lambda =          1; f =         1040.9338021
Norm of dx  0.0066874
----
Improvement on iteration 60 =        0.007424591
-----------------
f at the beginning of new iteration,      1040.9338021203
Predicted improvement:        0.001555137
lambda =          1; f =         1040.9320477
Norm of dx  0.0038423
----
Improvement on iteration 61 =        0.001754442
-----------------
f at the beginning of new iteration,      1040.9320476781
Predicted improvement:        0.000227592
lambda =          1; f =         1040.9316516
lambda =     1.9332; f =         1040.9313890
lambda =     3.7372; f =         1040.9311742
Norm of dx  0.0014967
----
Improvement on iteration 62 =        0.000873527
-----------------
f at the beginning of new iteration,      1040.9311741510
Predicted improvement:        0.000476131
lambda =          1; f =         1040.9303964
lambda =     1.9332; f =         1040.9299865
Norm of dx  0.0033811
----
Improvement on iteration 63 =        0.001187616
-----------------
f at the beginning of new iteration,      1040.9299865349
Predicted improvement:        0.000280776
lambda =          1; f =         1040.9296742
Norm of dx  0.0021209
----
Improvement on iteration 64 =        0.000312334
-----------------
f at the beginning of new iteration,      1040.9296742006
Predicted improvement:        0.000048950
lambda =          1; f =         1040.9295913
lambda =     1.9332; f =         1040.9295412
lambda =     3.7372; f =         1040.9295190
Norm of dx  0.0004116
----
Improvement on iteration 65 =        0.000155201
-----------------
f at the beginning of new iteration,      1040.9295189994
Predicted improvement:        0.000048356
lambda =          1; f =         1040.9294485
lambda =     1.9332; f =         1040.9294303
Norm of dx 0.00091417
----
Improvement on iteration 66 =        0.000088651
-----------------
f at the beginning of new iteration,      1040.9294303484
Predicted improvement:        0.000015374
lambda =          1; f =         1040.9294022
lambda =     1.9332; f =         1040.9293805
lambda =     3.7372; f =         1040.9293512
Norm of dx 0.00044067
----
Improvement on iteration 67 =        0.000079147
-----------------
f at the beginning of new iteration,      1040.9293512015
Predicted improvement:        0.000067113
lambda =          1; f =         1040.9292406
lambda =     1.9332; f =         1040.9291800
Norm of dx 0.00082222
----
Improvement on iteration 68 =        0.000171184
-----------------
f at the beginning of new iteration,      1040.9291800175
Predicted improvement:        0.000078095
lambda =          1; f =         1040.9290739
Norm of dx  0.0011721
----
Improvement on iteration 69 =        0.000106121
-----------------
f at the beginning of new iteration,      1040.9290738967
Predicted improvement:        0.000024250
lambda =          1; f =         1040.9290481
Norm of dx  0.0010028
----
Improvement on iteration 70 =        0.000025828
-----------------
f at the beginning of new iteration,      1040.9290480686
Predicted improvement:        0.000000390
lambda =          1; f =         1040.9290476
Norm of dx 0.00011889
----
Improvement on iteration 71 =        0.000000444
-----------------
f at the beginning of new iteration,      1040.9290476251
Predicted improvement:        0.000000040
lambda =          1; f =         1040.9290476
lambda =     1.9332; f =         1040.9290475
Norm of dx 1.8569e-05
----
Improvement on iteration 72 =        0.000000103
-----------------
f at the beginning of new iteration,      1040.9290475222
Predicted improvement:        0.000000089
lambda =          1; f =         1040.9290474
lambda =     1.9332; f =         1040.9290472
lambda =     3.7372; f =         1040.9290471
Norm of dx 1.9561e-05
----
Improvement on iteration 73 =        0.000000401
-----------------
f at the beginning of new iteration,      1040.9290471207
Predicted improvement:        0.000000278
lambda =          1; f =         1040.9290466
lambda =     1.9332; f =         1040.9290463
lambda =     3.7372; f =         1040.9290462
Norm of dx 3.3706e-05
----
Improvement on iteration 74 =        0.000000969
-----------------
f at the beginning of new iteration,      1040.9290461519
Predicted improvement:        0.000000135
lambda =          1; f =         1040.9290460
Norm of dx 4.8971e-05
----
Improvement on iteration 75 =        0.000000161
-----------------
f at the beginning of new iteration,      1040.9290459907
Predicted improvement:        0.000000006
lambda =          1; f =         1040.9290460
Norm of dx 1.0644e-05
----
Improvement on iteration 76 =        0.000000006
improvement < crit termination

Final value of minus the log posterior (or likelihood):1040.929046 

RESULTS FROM POSTERIOR ESTIMATION
parameters
           prior mean     mode    s.d.  prior pstdev

b0_c           0.0600   0.0564  0.0170   beta 0.0200 
b1_c           0.3500   0.1338  0.0455   beta 0.1000 
omega_c        0.3500   0.3520  0.1097   beta 0.1000 
b3_c           0.1500   0.1349  0.0482   norm 0.0500 
b0_ib          0.0400   0.0266  0.0126   beta 0.0200 
b1_ib          0.2500   0.1706  0.0528   beta 0.0800 
b3_ib          0.2000   0.1892  0.0760   norm 0.0800 
b0_ih          0.0500   0.0422  0.0187   beta 0.0200 
b1_ih          0.2000   0.1752  0.0817   beta 0.0800 
lambda_w       0.5500   0.2465  0.0364   beta 0.1000 
kappa_w        0.1000   0.2398  0.0367   norm 0.0500 
b0_n           0.0400   0.0301  0.0177   beta 0.0200 
rho_L          0.8500   0.9145  0.0347   beta 0.0500 
rho_s          0.9200   0.9608  0.0164   beta 0.0300 
lambda_dom     0.1000   0.4085  0.0436   beta 0.0500 
kappa_wacc     0.0400   0.0373  0.0199   norm 0.0200 
kappa_mort     0.0500   0.0500  0.0200   norm 0.0200 
kappa_inc      0.0800   0.0481  0.0402   norm 0.0400 

standard deviation of shocks
           prior mean     mode    s.d.  prior pstdev

eps_q          0.8000   0.4914  0.0465   invg    Inf 
eps_i          0.1000   0.0797  0.0111   invg    Inf 
eps_pi         0.6000   0.7224  0.0462   invg    Inf 
eps_c          0.5000   1.7643  0.1173   invg    Inf 
eps_ib         1.5000   2.7573  0.1779   invg    Inf 
eps_ih         2.0000   0.9269  0.3831   invg    Inf 


Log data density [Laplace approximation] is -1095.690742.

Estimation::mcmc: Multiple chains mode.
Estimation::mcmc: Searching for initial values...
Estimation::mcmc: Initial values found!

Estimation::mcmc: Write details about the MCMC... Ok!
Estimation::mcmc: Details about the MCMC are available in au_pac_pre_migration/metropolis\au_pac_pre_migration_mh_history_0.mat


Estimation::mcmc: Number of mh files: 1 per block.
Estimation::mcmc: Total number of generated files: 2.
Estimation::mcmc: Total number of iterations: 10000.
Estimation::mcmc: Current acceptance ratio per chain:
                                                       Chain  1: 45.92%
                                                       Chain  2: 45.98%
Estimation::mcmc: Total number of MH draws per chain: 10000.
Estimation::mcmc: Total number of generated MH files: 1.
Estimation::mcmc: I'll use mh-files 1 to 1.
Estimation::mcmc: In MH-file number 1 I'll start at line 5001.
Estimation::mcmc: Finally I keep 5000 draws per chain.



MCMC Inefficiency factors per block
Parameter        Block 1     Block 2
SE_eps_q         106.528      52.225
SE_eps_i         114.439      99.910
SE_eps_pi         65.667      60.746
SE_eps_c          76.843      81.318
SE_eps_ib         51.689      60.413
SE_eps_ih        383.660     165.254
b0_c              61.504      74.873
b1_c             113.558      83.983
omega_c           97.446      28.636
b3_c              94.827      38.013
b0_ib             35.044     165.259
b1_ib            113.918     115.851
b3_ib             84.441      55.351
b0_ih             89.452     107.311
b1_ih            111.934      80.564
lambda_w          81.804      59.807
kappa_w           83.334      52.203
b0_n              34.919     177.584
rho_L             55.899     153.611
rho_s            201.269     211.493
lambda_dom       119.479      57.379
kappa_wacc        72.736      52.482
kappa_mort        80.953      47.847
kappa_inc         78.976      75.161



Convergence diagnostics results for chain 1.

Geweke (1992) Convergence Tests, based on means of draws 5000 to 6000 vs 7500 to 10000 for chain 1.
p-values are for Chi2-test for equality of means.
Parameter          Post. Mean        Post. Std   p-val No Taper   p-val 4% Taper   p-val 8% Taper  p-val 15% Taper
SE_eps_q                0.514            0.050            0.000            0.002            0.009            0.019
SE_eps_i                0.083            0.011            0.000            0.010            0.027            0.037
SE_eps_pi               0.731            0.046            0.000            0.175            0.235            0.241
SE_eps_c                1.786            0.114            0.131            0.801            0.838            0.860
SE_eps_ib               2.820            0.172            0.000            0.312            0.375            0.380
SE_eps_ih               1.463            0.711            0.000            0.001            0.009            0.028
b0_c                    0.060            0.016            0.000            0.035            0.069            0.086
b1_c                    0.144            0.047            0.000            0.001            0.005            0.007
omega_c                 0.358            0.107            0.046            0.730            0.772            0.798
b3_c                    0.144            0.046            0.000            0.006            0.017            0.020
b0_ib                   0.030            0.011            0.000            0.182            0.254            0.273
b1_ib                   0.183            0.050            0.000            0.001            0.005            0.018
b3_ib                   0.190            0.075            0.000            0.000            0.001            0.000
b0_ih                   0.051            0.020            0.000            0.175            0.256            0.280
b1_ih                   0.204            0.081            0.000            0.001            0.002            0.002
lambda_w                0.247            0.035            0.000            0.090            0.146            0.183
kappa_w                 0.242            0.036            0.000            0.001            0.003            0.005
b0_n                    0.039            0.016            0.012            0.658            0.706            0.727
rho_L                   0.900            0.033            0.000            0.015            0.043            0.050
rho_s                   0.947            0.022            0.000            0.019            0.070            0.132
lambda_dom              0.395            0.046            0.000            0.009            0.028            0.041
kappa_wacc              0.037            0.020            0.119            0.797            0.842            0.865
kappa_mort              0.050            0.020            0.002            0.615            0.684            0.715
kappa_inc               0.055            0.039            0.423            0.897            0.914            0.920




Convergence diagnostics results for chain 2.

Geweke (1992) Convergence Tests, based on means of draws 5000 to 6000 vs 7500 to 10000 for chain 2.
p-values are for Chi2-test for equality of means.
Parameter          Post. Mean        Post. Std   p-val No Taper   p-val 4% Taper   p-val 8% Taper  p-val 15% Taper
SE_eps_q                0.506            0.049            0.000            0.084            0.160            0.194
SE_eps_i                0.082            0.011            0.000            0.057            0.118            0.168
SE_eps_pi               0.730            0.047            0.010            0.669            0.725            0.746
SE_eps_c                1.806            0.125            0.002            0.628            0.682            0.668
SE_eps_ib               2.808            0.194            0.000            0.306            0.361            0.314
SE_eps_ih               1.317            0.585            0.000            0.001            0.005            0.008
b0_c                    0.058            0.016            0.000            0.061            0.095            0.095
b1_c                    0.144            0.047            0.870            0.978            0.981            0.982
omega_c                 0.383            0.101            0.001            0.575            0.613            0.584
b3_c                    0.145            0.047            0.004            0.640            0.705            0.726
b0_ib                   0.031            0.012            0.000            0.064            0.109            0.132
b1_ib                   0.176            0.054            0.000            0.106            0.182            0.205
b3_ib                   0.189            0.076            0.000            0.415            0.487            0.504
b0_ih                   0.050            0.019            0.141            0.827            0.854            0.853
b1_ih                   0.204            0.081            0.000            0.430            0.504            0.527
lambda_w                0.251            0.035            0.000            0.022            0.058            0.091
kappa_w                 0.236            0.034            0.689            0.943            0.951            0.954
b0_n                    0.039            0.021            0.000            0.004            0.031            0.085
rho_L                   0.899            0.036            0.000            0.003            0.014            0.026
rho_s                   0.943            0.028            0.000            0.001            0.007            0.016
lambda_dom              0.393            0.048            0.000            0.097            0.145            0.140
kappa_wacc              0.040            0.022            0.000            0.490            0.568            0.614
kappa_mort              0.049            0.019            0.002            0.610            0.680            0.721
kappa_inc               0.052            0.043            0.000            0.539            0.630            0.684


Univariate convergence diagnostic, Brooks and Gelman (1998):
    Parameter 1...  Done! 
    Parameter 2...  Done! 
    Parameter 3...  Done! 
    Parameter 4...  Done! 
    Parameter 5...  Done! 
    Parameter 6...  Done! 
    Parameter 7...  Done! 
    Parameter 8...  Done! 
    Parameter 9...  Done! 
    Parameter 10...  Done! 
    Parameter 11...  Done! 
    Parameter 12...  Done! 
    Parameter 13...  Done! 
    Parameter 14...  Done! 
    Parameter 15...  Done! 
    Parameter 16...  Done! 
    Parameter 17...  Done! 
    Parameter 18...  Done! 
    Parameter 19...  Done! 
    Parameter 20...  Done! 
    Parameter 21...  Done! 
    Parameter 22...  Done! 
    Parameter 23...  Done! 
    Parameter 24...  Done! 

marginal density: I'm computing the posterior mean and covariance...  Done!
marginal density: I'm computing the posterior log marginal density (modified harmonic mean)... Done!


ESTIMATION RESULTS

Log data density (Modified Harmonic Mean) is -1097.609716.
parameters
             prior mean   post. mean        90% HPD interval    prior       pstdev

b0_c              0.060       0.0588      0.0357      0.0851     beta       0.0200
b1_c              0.350       0.1458      0.0655      0.2154     beta       0.1000
omega_c           0.350       0.3801      0.2226      0.5586     beta       0.1000
b3_c              0.150       0.1392      0.0661      0.2179     norm       0.0500
b0_ib             0.040       0.0305      0.0118      0.0497     beta       0.0200
b1_ib             0.250       0.1842      0.0995      0.2651     beta       0.0800
b3_ib             0.200       0.1939      0.0694      0.3047     norm       0.0800
b0_ih             0.050       0.0473      0.0186      0.0750     beta       0.0200
b1_ih             0.200       0.1938      0.0719      0.3255     beta       0.0800
lambda_w          0.550       0.2489      0.1862      0.3020     beta       0.1000
kappa_w           0.100       0.2379      0.1836      0.2925     norm       0.0500
b0_n              0.040       0.0380      0.0097      0.0629     beta       0.0200
rho_L             0.850       0.8908      0.8380      0.9537     beta       0.0500
rho_s             0.920       0.9494      0.9151      0.9803     beta       0.0300
lambda_dom        0.100       0.3954      0.3171      0.4716     beta       0.0500
kappa_wacc        0.040       0.0382      0.0073      0.0730     norm       0.0200
kappa_mort        0.050       0.0522      0.0170      0.0834     norm       0.0200
kappa_inc         0.080       0.0544     -0.0122      0.1277     norm       0.0400

standard deviation of shocks
             prior mean   post. mean        90% HPD interval    prior       pstdev

eps_q             0.800       0.5089      0.4303      0.5882     invg          Inf
eps_i             0.100       0.0827      0.0646      0.1010     invg          Inf
eps_pi            0.600       0.7278      0.6515      0.8030     invg          Inf
eps_c             0.500       1.7901      1.5886      1.9806     invg          Inf
eps_ib            1.500       2.8328      2.5206      3.1186     invg          Inf
eps_ih            2.000       1.3686      0.4517      2.4107     invg          Inf
Estimation::mcmc: Posterior (dsge) IRFs...
Estimation::mcmc: Posterior IRFs, done!
Total computing time : 0h17m42s
